[    16.796] 
X.Org X Server 1.21.1.16
X Protocol Version 11, Revision 0
[    16.796] Current Operating System: Linux debian 6.12.41+deb13-amd64 #1 SMP PREEMPT_DYNAMIC Debian 6.12.41-1 (2025-08-12) x86_64
[    16.796] Kernel command line: BOOT_IMAGE=/boot/vmlinuz-6.12.41+deb13-amd64 root=UUID=6d842e40-9acf-4b38-9908-12bf9f51bff1 ro quiet
[    16.797] xorg-server 2:21.1.16-1.3 (https://www.debian.org/support) 
[    16.797] Current version of pixman: 0.44.0
[    16.797] 	Before reporting problems, check http://wiki.x.org
	to make sure that you have the latest version.
[    16.797] Markers: (--) probed, (**) from config file, (==) default setting,
	(++) from command line, (!!) notice, (II) informational,
	(WW) warning, (EE) error, (NI) not implemented, (??) unknown.
[    16.797] (==) Log file: "/home/wellington/.local/share/xorg/Xorg.0.log", Time: Mon Aug 18 23:27:27 2025
[    16.799] (==) Using system config directory "/usr/share/X11/xorg.conf.d"
[    16.801] (==) No Layout section.  Using the first Screen section.
[    16.801] (==) No screen section available. Using defaults.
[    16.801] (**) |-->Screen "Default Screen Section" (0)
[    16.801] (**) |   |-->Monitor "<default monitor>"
[    16.801] (==) No monitor specified for screen "Default Screen Section".
	Using a default monitor configuration.
[    16.801] (**) Allowing byte-swapped clients
[    16.801] (==) Automatically adding devices
[    16.801] (==) Automatically enabling devices
[    16.801] (==) Automatically adding GPU devices
[    16.801] (==) Automatically binding GPU devices
[    16.801] (==) Max clients allowed: 256, resource mask: 0x1fffff
[    16.803] (WW) The directory "/usr/share/fonts/X11/cyrillic" does not exist.
[    16.803] 	Entry deleted from font path.
[    16.804] (==) FontPath set to:
	/usr/share/fonts/X11/misc,
	/usr/share/fonts/X11/100dpi/:unscaled,
	/usr/share/fonts/X11/75dpi/:unscaled,
	/usr/share/fonts/X11/Type1,
	/usr/share/fonts/X11/100dpi,
	/usr/share/fonts/X11/75dpi,
	built-ins
[    16.804] (==) ModulePath set to "/usr/lib/xorg/modules"
[    16.804] (II) The server relies on udev to provide the list of input devices.
	If no devices become available, reconfigure udev or disable AutoAddDevices.
[    16.804] (II) Loader magic: 0x563aa08b0f00
[    16.804] (II) Module ABI versions:
[    16.804] 	X.Org ANSI C Emulation: 0.4
[    16.804] 	X.Org Video Driver: 25.2
[    16.804] 	X.Org XInput driver : 24.4
[    16.804] 	X.Org Server Extension : 10.0
[    16.804] (++) using VT number 1

[    16.806] (II) systemd-logind: took control of session /org/freedesktop/login1/session/_31
[    16.807] (II) xfree86: Adding drm device (/dev/dri/card0)
[    16.807] (II) Platform probe for /sys/devices/pci0000:00/0000:00:01.0/drm/card0
[    16.808] (II) systemd-logind: got fd for /dev/dri/card0 226:0 fd 13 paused 0
[    16.814] (--) PCI:*(0@0:1:0) 1af4:1050:1af4:1100 rev 1, Mem @ 0x80000000/8388608, 0x70e0000000/16384, 0x82453000/4096, BIOS @ 0x????????/131072
[    16.814] (II) LoadModule: "glx"
[    16.815] (II) Loading /usr/lib/xorg/modules/extensions/libglx.so
[    16.819] (II) Module glx: vendor="X.Org Foundation"
[    16.819] 	compiled for 1.21.1.16, module version = 1.0.0
[    16.819] 	ABI class: X.Org Server Extension, version 10.0
[    16.819] (==) Matched modesetting as autoconfigured driver 0
[    16.819] (==) Matched fbdev as autoconfigured driver 1
[    16.819] (==) Matched vesa as autoconfigured driver 2
[    16.819] (==) Assigned the driver to the xf86ConfigLayout
[    16.819] (II) LoadModule: "modesetting"
[    16.819] (II) Loading /usr/lib/xorg/modules/drivers/modesetting_drv.so
[    16.819] (II) Module modesetting: vendor="X.Org Foundation"
[    16.819] 	compiled for 1.21.1.16, module version = 1.21.1
[    16.819] 	Module class: X.Org Video Driver
[    16.819] 	ABI class: X.Org Video Driver, version 25.2
[    16.819] (II) LoadModule: "fbdev"
[    16.819] (II) Loading /usr/lib/xorg/modules/drivers/fbdev_drv.so
[    16.820] (II) Module fbdev: vendor="X.Org Foundation"
[    16.820] 	compiled for 1.21.1.3, module version = 0.5.0
[    16.820] 	Module class: X.Org Video Driver
[    16.820] 	ABI class: X.Org Video Driver, version 25.2
[    16.820] (II) LoadModule: "vesa"
[    16.820] (II) Loading /usr/lib/xorg/modules/drivers/vesa_drv.so
[    16.820] (II) Module vesa: vendor="X.Org Foundation"
[    16.820] 	compiled for 1.21.1.15, module version = 2.6.0
[    16.820] 	Module class: X.Org Video Driver
[    16.820] 	ABI class: X.Org Video Driver, version 25.2
[    16.820] (II) modesetting: Driver for Modesetting Kernel Drivers: kms
[    16.820] (II) FBDEV: driver for framebuffer: fbdev
[    16.820] (II) VESA: driver for VESA chipsets: vesa
[    16.820] xf86EnableIO: failed to enable I/O ports 0000-03ff (Operation not permitted)
[    16.820] (II) modeset(0): using drv /dev/dri/card0
[    16.820] (WW) Falling back to old probe method for fbdev
[    16.820] (II) Loading sub module "fbdevhw"
[    16.820] (II) LoadModule: "fbdevhw"
[    16.821] (II) Loading /usr/lib/xorg/modules/libfbdevhw.so
[    16.821] (II) Module fbdevhw: vendor="X.Org Foundation"
[    16.821] 	compiled for 1.21.1.16, module version = 0.0.2
[    16.821] 	ABI class: X.Org Video Driver, version 25.2
[    16.821] (WW) VGA arbiter: cannot open kernel arbiter, no multi-card support
[    16.821] (II) modeset(0): Creating default Display subsection in Screen section
	"Default Screen Section" for depth/fbbpp 24/32
[    16.821] (==) modeset(0): Depth 24, (==) framebuffer bpp 32
[    16.821] (==) modeset(0): RGB weight 888
[    16.821] (==) modeset(0): Default visual is TrueColor
[    16.821] (II) Loading sub module "glamoregl"
[    16.821] (II) LoadModule: "glamoregl"
[    16.821] (II) Loading /usr/lib/xorg/modules/libglamoregl.so
[    16.826] (II) Module glamoregl: vendor="X.Org Foundation"
[    16.826] 	compiled for 1.21.1.16, module version = 1.0.1
[    16.826] 	ABI class: X.Org ANSI C Emulation, version 0.4
[    17.030] (II) modeset(0): Refusing to try glamor on llvmpipe
[    17.032] (II) modeset(0): glamor initialization failed
[    17.032] (II) modeset(0): ShadowFB: preferred NO, enabled NO
[    17.032] (II) modeset(0): Output Virtual-1 has no monitor section
[    17.033] (II) modeset(0): EDID for output Virtual-1
[    17.033] (II) modeset(0): Manufacturer: RHT  Model: 1234  Serial#: 0
[    17.033] (II) modeset(0): Year: 2014  Week: 42
[    17.033] (II) modeset(0): EDID Version: 1.4
[    17.033] (II) modeset(0): Digital Display Input
[    17.033] (II) modeset(0): 8 bits per channel
[    17.033] (II) modeset(0): Digital interface is DisplayPort
[    17.033] (II) modeset(0): Max Image Size [cm]: horiz.: 32  vert.: 20
[    17.033] (II) modeset(0): Gamma: 2.20
[    17.033] (II) modeset(0): No DPMS capabilities specified
[    17.033] (II) modeset(0): Supported color encodings: RGB 4:4:4 
[    17.033] (II) modeset(0): Default color space is primary color space
[    17.033] (II) modeset(0): First detailed timing is preferred mode
[    17.033] (II) modeset(0): Preferred mode is native pixel format and refresh rate
[    17.033] (II) modeset(0): redX: 0.640 redY: 0.330   greenX: 0.300 greenY: 0.600
[    17.033] (II) modeset(0): blueX: 0.150 blueY: 0.060   whiteX: 0.312 whiteY: 0.329
[    17.033] (II) modeset(0): Supported established timings:
[    17.033] (II) modeset(0): 640x480@60Hz
[    17.033] (II) modeset(0): 800x600@60Hz
[    17.033] (II) modeset(0): 1024x768@60Hz
[    17.033] (II) modeset(0): Manufacturer's mask: 0
[    17.033] (II) modeset(0): Supported standard timings:
[    17.033] (II) modeset(0): #0: hsize: 2048  vsize 1152  refresh: 60  vid: 49377
[    17.033] (II) modeset(0): #1: hsize: 1920  vsize 1080  refresh: 60  vid: 49361
[    17.033] (II) modeset(0): #2: hsize: 1920  vsize 1200  refresh: 60  vid: 209
[    17.033] (II) modeset(0): #3: hsize: 1600  vsize 1200  refresh: 60  vid: 16553
[    17.033] (II) modeset(0): #4: hsize: 1680  vsize 1050  refresh: 60  vid: 179
[    17.033] (II) modeset(0): #5: hsize: 1440  vsize 900  refresh: 60  vid: 149
[    17.033] (II) modeset(0): #6: hsize: 1280  vsize 1024  refresh: 60  vid: 32897
[    17.033] (II) modeset(0): #7: hsize: 1280  vsize 960  refresh: 60  vid: 16513
[    17.033] (II) modeset(0): Supported detailed timing:
[    17.033] (II) modeset(0): clock: 107.3 MHz   Image Size:  325 x 203 mm
[    17.033] (II) modeset(0): h_active: 1280  h_sync: 1600  h_sync_end 1638 h_blank_end 1728 h_border: 0
[    17.033] (II) modeset(0): v_active: 800  v_sync: 804  v_sync_end 808 v_blanking: 828 v_border: 0
[    17.033] (II) modeset(0): Established timings III: (not decoded)
[    17.033] (II) modeset(0): Ranges: V min: 50 V max: 125 Hz, H min: 30 H max: 160 kHz,
[    17.033] (II) modeset(0): Monitor name: QEMU Monitor
[    17.033] (II) modeset(0): Number of EDID sections to follow: 1
[    17.033] (II) modeset(0): EDID (in hex):
[    17.033] (II) modeset(0): 	00ffffffffffff004914341200000000
[    17.033] (II) modeset(0): 	2a180104a520147806ee91a3544c9926
[    17.033] (II) modeset(0): 	0f5054210800e1c0d1c0d100a940b300
[    17.033] (II) modeset(0): 	950081808140ea2900c051201c304026
[    17.033] (II) modeset(0): 	444045cb10000018000000f7000a0040
[    17.033] (II) modeset(0): 	82002820000000000000000000fd0032
[    17.033] (II) modeset(0): 	7d1ea0ff010a202020202020000000fc
[    17.033] (II) modeset(0): 	0051454d55204d6f6e69746f720a013a
[    17.033] (II) modeset(0): 	02030b00467d6560591f610000001000
[    17.033] (II) modeset(0): 	00000000000000000000000000000000
[    17.033] (II) modeset(0): 	10000000000000000000000000000000
[    17.033] (II) modeset(0): 	00001000000000000000000000000000
[    17.033] (II) modeset(0): 	00000000100000000000000000000000
[    17.033] (II) modeset(0): 	00000000000010000000000000000000
[    17.033] (II) modeset(0): 	00000000000000001000000000000000
[    17.033] (II) modeset(0): 	0000000000000000000000000000002f
[    17.033] (II) modeset(0): Printing probed modes for output Virtual-1
[    17.033] (II) modeset(0): Modeline "1280x800"x75.0  107.30  1280 1600 1638 1728  800 804 808 828 -hsync -vsync (62.1 kHz eP)
[    17.033] (II) modeset(0): Modeline "5120x2160"x50.0  742.50  5120 6216 6304 6600  2160 2168 2178 2250 +hsync +vsync (112.5 kHz e)
[    17.033] (II) modeset(0): Modeline "4096x2160"x50.0  594.00  4096 5064 5152 5280  2160 2168 2178 2250 +hsync +vsync (112.5 kHz e)
[    17.033] (II) modeset(0): Modeline "3840x2160"x60.0  594.00  3840 4016 4104 4400  2160 2168 2178 2250 +hsync +vsync (135.0 kHz e)
[    17.033] (II) modeset(0): Modeline "3840x2160"x50.0  594.00  3840 4896 4984 5280  2160 2168 2178 2250 +hsync +vsync (112.5 kHz e)
[    17.033] (II) modeset(0): Modeline "3840x2160"x59.9  593.41  3840 4016 4104 4400  2160 2168 2178 2250 +hsync +vsync (134.9 kHz e)
[    17.033] (II) modeset(0): Modeline "1920x1440"x60.0  234.00  1920 2048 2256 2600  1440 1441 1444 1500 -hsync +vsync (90.0 kHz e)
[    17.033] (II) modeset(0): Modeline "2560x1080"x50.0  185.62  2560 3108 3152 3300  1080 1084 1089 1125 +hsync +vsync (56.2 kHz e)
[    17.033] (II) modeset(0): Modeline "1856x1392"x60.0  218.25  1856 1952 2176 2528  1392 1393 1396 1439 -hsync +vsync (86.3 kHz e)
[    17.033] (II) modeset(0): Modeline "1792x1344"x60.0  204.75  1792 1920 2120 2448  1344 1345 1348 1394 -hsync +vsync (83.6 kHz e)
[    17.033] (II) modeset(0): Modeline "2048x1152"x60.0  162.00  2048 2074 2154 2250  1152 1153 1156 1200 +hsync +vsync (72.0 kHz e)
[    17.033] (II) modeset(0): Modeline "1920x1200"x59.9  193.25  1920 2056 2256 2592  1200 1203 1209 1245 -hsync +vsync (74.6 kHz e)
[    17.033] (II) modeset(0): Modeline "1920x1080"x60.0  148.50  1920 2008 2052 2200  1080 1084 1089 1125 -hsync -vsync (67.5 kHz e)
[    17.033] (II) modeset(0): Modeline "1920x1080"x50.0  148.50  1920 2448 2492 2640  1080 1084 1089 1125 +hsync +vsync (56.2 kHz e)
[    17.033] (II) modeset(0): Modeline "1600x1200"x60.0  162.00  1600 1664 1856 2160  1200 1201 1204 1250 +hsync +vsync (75.0 kHz e)
[    17.033] (II) modeset(0): Modeline "1680x1050"x60.0  146.25  1680 1784 1960 2240  1050 1053 1059 1089 -hsync +vsync (65.3 kHz e)
[    17.033] (II) modeset(0): Modeline "1400x1050"x60.0  121.75  1400 1488 1632 1864  1050 1053 1057 1089 -hsync +vsync (65.3 kHz e)
[    17.033] (II) modeset(0): Modeline "1280x1024"x60.0  108.00  1280 1328 1440 1688  1024 1025 1028 1066 +hsync +vsync (64.0 kHz e)
[    17.033] (II) modeset(0): Modeline "1440x900"x59.9  106.50  1440 1520 1672 1904  900 903 909 934 -hsync +vsync (55.9 kHz e)
[    17.033] (II) modeset(0): Modeline "1280x960"x60.0  108.00  1280 1376 1488 1800  960 961 964 1000 +hsync +vsync (60.0 kHz e)
[    17.033] (II) modeset(0): Modeline "1360x768"x60.0   85.50  1360 1424 1536 1792  768 771 777 795 +hsync +vsync (47.7 kHz e)
[    17.033] (II) modeset(0): Modeline "1280x768"x59.9   79.50  1280 1344 1472 1664  768 771 778 798 -hsync +vsync (47.8 kHz e)
[    17.033] (II) modeset(0): Modeline "1024x768"x60.0   65.00  1024 1048 1184 1344  768 771 777 806 -hsync -vsync (48.4 kHz e)
[    17.033] (II) modeset(0): Modeline "800x600"x60.3   40.00  800 840 968 1056  600 601 605 628 +hsync +vsync (37.9 kHz e)
[    17.033] (II) modeset(0): Modeline "640x480"x60.0   25.20  640 656 752 800  480 490 492 525 -hsync -vsync (31.5 kHz e)
[    17.033] (II) modeset(0): Modeline "640x480"x59.9   25.18  640 656 752 800  480 490 492 525 -hsync -vsync (31.5 kHz e)
[    17.033] (II) modeset(0): Output Virtual-1 connected
[    17.033] (II) modeset(0): Using exact sizes for initial modes
[    17.033] (II) modeset(0): Output Virtual-1 using initial mode 1280x800 +0+0
[    17.033] (==) modeset(0): Using gamma correction (1.0, 1.0, 1.0)
[    17.033] (==) modeset(0): DPI set to (96, 96)
[    17.033] (II) Loading sub module "fb"
[    17.033] (II) LoadModule: "fb"
[    17.033] (II) Module "fb" already built-in
[    17.033] (II) UnloadModule: "fbdev"
[    17.033] (II) Unloading fbdev
[    17.033] (II) UnloadSubModule: "fbdevhw"
[    17.033] (II) Unloading fbdevhw
[    17.034] (II) UnloadModule: "vesa"
[    17.034] (II) Unloading vesa
[    17.036] (==) modeset(0): Backing store enabled
[    17.036] (==) modeset(0): Silken mouse enabled
[    17.036] (II) modeset(0): Initializing kms color map for depth 24, 8 bpc.
[    17.036] (==) modeset(0): DPMS enabled
[    17.036] (II) Initializing extension Generic Event Extension
[    17.036] (II) Initializing extension SHAPE
[    17.036] (II) Initializing extension MIT-SHM
[    17.036] (II) Initializing extension XInputExtension
[    17.037] (II) Initializing extension XTEST
[    17.037] (II) Initializing extension BIG-REQUESTS
[    17.037] (II) Initializing extension SYNC
[    17.037] (II) Initializing extension XKEYBOARD
[    17.037] (II) Initializing extension XC-MISC
[    17.037] (II) Initializing extension SECURITY
[    17.038] (II) Initializing extension XFIXES
[    17.038] (II) Initializing extension RENDER
[    17.038] (II) Initializing extension RANDR
[    17.038] (II) Initializing extension COMPOSITE
[    17.038] (II) Initializing extension DAMAGE
[    17.038] (II) Initializing extension MIT-SCREEN-SAVER
[    17.038] (II) Initializing extension DOUBLE-BUFFER
[    17.038] (II) Initializing extension RECORD
[    17.038] (II) Initializing extension DPMS
[    17.038] (II) Initializing extension Present
[    17.039] (II) Initializing extension DRI3
[    17.039] (II) Initializing extension X-Resource
[    17.039] (II) Initializing extension XVideo
[    17.039] (II) Initializing extension XVideo-MotionCompensation
[    17.039] (II) Initializing extension SELinux
[    17.039] (II) SELinux: Disabled on system
[    17.039] (II) Initializing extension GLX
[    17.039] (II) AIGLX: Screen 0 is not DRI2 capable
[    17.048] (II) IGLX: Loaded and initialized swrast
[    17.048] (II) GLX: Initialized DRISWRAST GL provider for screen 0
[    17.048] (II) Initializing extension XFree86-VidModeExtension
[    17.048] (II) Initializing extension XFree86-DGA
[    17.048] (II) Initializing extension XFree86-DRI
[    17.048] (II) Initializing extension DRI2
[    17.049] (II) modeset(0): Damage tracking initialized
[    17.049] (II) modeset(0): Setting screen physical size to 338 x 211
[    17.114] (II) config/udev: Adding input device Power Button (/dev/input/event3)
[    17.114] (**) Power Button: Applying InputClass "libinput keyboard catchall"
[    17.114] (II) LoadModule: "libinput"
[    17.114] (II) Loading /usr/lib/xorg/modules/input/libinput_drv.so
[    17.117] (II) Module libinput: vendor="X.Org Foundation"
[    17.117] 	compiled for 1.21.1.15, module version = 1.5.0
[    17.117] 	Module class: X.Org XInput Driver
[    17.117] 	ABI class: X.Org XInput driver, version 24.4
[    17.117] (II) Using input driver 'libinput' for 'Power Button'
[    17.118] (II) systemd-logind: got fd for /dev/input/event3 13:67 fd 21 paused 0
[    17.118] (**) Power Button: always reports core events
[    17.118] (**) Option "Device" "/dev/input/event3"
[    17.127] (II) event3  - Power Button: is tagged by udev as: Keyboard
[    17.127] (II) event3  - Power Button: device is a keyboard
[    17.127] (II) event3  - Power Button: device removed
[    17.128] (**) Option "config_info" "udev:/sys/devices/LNXSYSTM:00/LNXPWRBN:00/input/input4/event3"
[    17.128] (II) XINPUT: Adding extended input device "Power Button" (type: KEYBOARD, id 6)
[    17.128] (**) Option "xkb_model" "pc105"
[    17.128] (**) Option "xkb_layout" "us"
[    17.128] (**) Option "xkb_variant" "alt-intl"
[    17.148] (II) event3  - Power Button: is tagged by udev as: Keyboard
[    17.148] (II) event3  - Power Button: device is a keyboard
[    17.150] (II) config/udev: Adding input device QEMU QEMU USB Tablet (/dev/input/event1)
[    17.150] (**) QEMU QEMU USB Tablet: Applying InputClass "libinput pointer catchall"
[    17.150] (II) Using input driver 'libinput' for 'QEMU QEMU USB Tablet'
[    17.309] (II) systemd-logind: got fd for /dev/input/event1 13:65 fd 24 paused 0
[    17.309] (**) QEMU QEMU USB Tablet: always reports core events
[    17.309] (**) Option "Device" "/dev/input/event1"
[    17.316] (II) event1  - QEMU QEMU USB Tablet: is tagged by udev as: Mouse
[    17.317] (II) event1  - QEMU QEMU USB Tablet: device is a pointer
[    17.318] (II) event1  - QEMU QEMU USB Tablet: device removed
[    17.318] (**) Option "config_info" "udev:/sys/devices/pci0000:00/0000:00:02.1/0000:02:00.0/usb1/1-1/1-1:1.0/0003:0627:0001.0001/input/input3/event1"
[    17.318] (II) XINPUT: Adding extended input device "QEMU QEMU USB Tablet" (type: MOUSE, id 7)
[    17.319] (**) Option "AccelerationScheme" "none"
[    17.319] (**) QEMU QEMU USB Tablet: (accel) selected scheme none/0
[    17.319] (**) QEMU QEMU USB Tablet: (accel) acceleration factor: 2.000
[    17.319] (**) QEMU QEMU USB Tablet: (accel) acceleration threshold: 4
[    17.326] (II) event1  - QEMU QEMU USB Tablet: is tagged by udev as: Mouse
[    17.327] (II) event1  - QEMU QEMU USB Tablet: device is a pointer
[    17.332] (II) config/udev: Adding input device QEMU QEMU USB Tablet (/dev/input/mouse0)
[    17.332] (II) No input driver specified, ignoring this device.
[    17.332] (II) This device may have been added with another device file.
[    17.335] (II) config/udev: Adding input device AT Translated Set 2 keyboard (/dev/input/event0)
[    17.335] (**) AT Translated Set 2 keyboard: Applying InputClass "libinput keyboard catchall"
[    17.335] (II) Using input driver 'libinput' for 'AT Translated Set 2 keyboard'
[    17.337] (II) systemd-logind: got fd for /dev/input/event0 13:64 fd 25 paused 0
[    17.337] (**) AT Translated Set 2 keyboard: always reports core events
[    17.337] (**) Option "Device" "/dev/input/event0"
[    17.340] (II) event0  - AT Translated Set 2 keyboard: is tagged by udev as: Keyboard
[    17.340] (II) event0  - AT Translated Set 2 keyboard: device is a keyboard
[    17.341] (II) event0  - AT Translated Set 2 keyboard: device removed
[    17.341] (**) Option "config_info" "udev:/sys/devices/platform/i8042/serio0/input/input0/event0"
[    17.341] (II) XINPUT: Adding extended input device "AT Translated Set 2 keyboard" (type: KEYBOARD, id 8)
[    17.341] (**) Option "xkb_model" "pc105"
[    17.341] (**) Option "xkb_layout" "us"
[    17.341] (**) Option "xkb_variant" "alt-intl"
[    17.344] (II) event0  - AT Translated Set 2 keyboard: is tagged by udev as: Keyboard
[    17.344] (II) event0  - AT Translated Set 2 keyboard: device is a keyboard
[    17.346] (II) config/udev: Adding input device ImExPS/2 Generic Explorer Mouse (/dev/input/event2)
[    17.346] (**) ImExPS/2 Generic Explorer Mouse: Applying InputClass "libinput pointer catchall"
[    17.347] (II) Using input driver 'libinput' for 'ImExPS/2 Generic Explorer Mouse'
[    17.349] (II) systemd-logind: got fd for /dev/input/event2 13:66 fd 26 paused 0
[    17.349] (**) ImExPS/2 Generic Explorer Mouse: always reports core events
[    17.349] (**) Option "Device" "/dev/input/event2"
[    17.352] (II) event2  - ImExPS/2 Generic Explorer Mouse: is tagged by udev as: Mouse
[    17.352] (II) event2  - ImExPS/2 Generic Explorer Mouse: device is a pointer
[    17.353] (II) event2  - ImExPS/2 Generic Explorer Mouse: device removed
[    17.353] (II) libinput: ImExPS/2 Generic Explorer Mouse: Step value 0 was provided, libinput Fallback acceleration function is used.
[    17.353] (II) libinput: ImExPS/2 Generic Explorer Mouse: Step value 0 was provided, libinput Fallback acceleration function is used.
[    17.353] (II) libinput: ImExPS/2 Generic Explorer Mouse: Step value 0 was provided, libinput Fallback acceleration function is used.
[    17.353] (**) Option "config_info" "udev:/sys/devices/platform/i8042/serio1/input/input2/event2"
[    17.353] (II) XINPUT: Adding extended input device "ImExPS/2 Generic Explorer Mouse" (type: MOUSE, id 9)
[    17.353] (**) Option "AccelerationScheme" "none"
[    17.353] (**) ImExPS/2 Generic Explorer Mouse: (accel) selected scheme none/0
[    17.353] (**) ImExPS/2 Generic Explorer Mouse: (accel) acceleration factor: 2.000
[    17.353] (**) ImExPS/2 Generic Explorer Mouse: (accel) acceleration threshold: 4
[    17.356] (II) event2  - ImExPS/2 Generic Explorer Mouse: is tagged by udev as: Mouse
[    17.356] (II) event2  - ImExPS/2 Generic Explorer Mouse: device is a pointer
[    17.358] (II) config/udev: Adding input device ImExPS/2 Generic Explorer Mouse (/dev/input/mouse1)
[    17.358] (II) No input driver specified, ignoring this device.
[    17.358] (II) This device may have been added with another device file.
[    17.360] (II) config/udev: Adding input device PC Speaker (/dev/input/event4)
[    17.360] (II) No input driver specified, ignoring this device.
[    17.360] (II) This device may have been added with another device file.
[    17.457] (II) modeset(0): EDID vendor "RHT", prod id 4660
[    17.457] (II) modeset(0): Using EDID range info for horizontal sync
[    17.457] (II) modeset(0): Using EDID range info for vertical refresh
[    17.457] (II) modeset(0): Printing DDC gathered Modelines:
[    17.457] (II) modeset(0): Modeline "1280x800"x0.0  107.30  1280 1600 1638 1728  800 804 808 828 -hsync -vsync (62.1 kHz eP)
[    17.457] (II) modeset(0): Modeline "1280x768"x0.0   79.50  1280 1344 1472 1664  768 771 778 798 -hsync +vsync (47.8 kHz e)
[    17.457] (II) modeset(0): Modeline "1360x768"x0.0   85.50  1360 1424 1536 1792  768 771 777 795 +hsync +vsync (47.7 kHz e)
[    17.457] (II) modeset(0): Modeline "1400x1050"x0.0  121.75  1400 1488 1632 1864  1050 1053 1057 1089 -hsync +vsync (65.3 kHz e)
[    17.457] (II) modeset(0): Modeline "1792x1344"x0.0  204.75  1792 1920 2120 2448  1344 1345 1348 1394 -hsync +vsync (83.6 kHz e)
[    17.457] (II) modeset(0): Modeline "1856x1392"x0.0  218.25  1856 1952 2176 2528  1392 1393 1396 1439 -hsync +vsync (86.3 kHz e)
[    17.457] (II) modeset(0): Modeline "1920x1440"x0.0  234.00  1920 2048 2256 2600  1440 1441 1444 1500 -hsync +vsync (90.0 kHz e)
[    17.457] (II) modeset(0): Modeline "1920x1080"x0.0  148.50  1920 2448 2492 2640  1080 1084 1089 1125 +hsync +vsync (56.2 kHz e)
[    17.457] (II) modeset(0): Modeline "800x600"x0.0   40.00  800 840 968 1056  600 601 605 628 +hsync +vsync (37.9 kHz e)
[    17.457] (II) modeset(0): Modeline "640x480"x0.0   25.18  640 656 752 800  480 490 492 525 -hsync -vsync (31.5 kHz e)
[    17.457] (II) modeset(0): Modeline "1024x768"x0.0   65.00  1024 1048 1184 1344  768 771 777 806 -hsync -vsync (48.4 kHz e)
[    17.457] (II) modeset(0): Modeline "2048x1152"x60.0  197.97  2048 2184 2408 2768  1152 1153 1156 1192 -hsync +vsync (71.5 kHz e)
[    17.457] (II) modeset(0): Modeline "1920x1080"x60.0  172.80  1920 2040 2248 2576  1080 1081 1084 1118 -hsync +vsync (67.1 kHz e)
[    17.457] (II) modeset(0): Modeline "1920x1200"x0.0  193.25  1920 2056 2256 2592  1200 1203 1209 1245 -hsync +vsync (74.6 kHz e)
[    17.457] (II) modeset(0): Modeline "1600x1200"x0.0  162.00  1600 1664 1856 2160  1200 1201 1204 1250 +hsync +vsync (75.0 kHz e)
[    17.457] (II) modeset(0): Modeline "1680x1050"x0.0  146.25  1680 1784 1960 2240  1050 1053 1059 1089 -hsync +vsync (65.3 kHz e)
[    17.457] (II) modeset(0): Modeline "1440x900"x0.0  106.50  1440 1520 1672 1904  900 903 909 934 -hsync +vsync (55.9 kHz e)
[    17.457] (II) modeset(0): Modeline "1280x1024"x0.0  108.00  1280 1328 1440 1688  1024 1025 1028 1066 +hsync +vsync (64.0 kHz e)
[    17.457] (II) modeset(0): Modeline "1280x960"x0.0  108.00  1280 1376 1488 1800  960 961 964 1000 +hsync +vsync (60.0 kHz e)
